0 info it worked if it ends with ok
1 verbose cli [ 'C:\\Program Files\\nodejs\\node.exe',
1 verbose cli   'C:\\Program Files\\nodejs\\node_modules\\npm\\bin\\npm-cli.js',
1 verbose cli   'run',
1 verbose cli   'dev' ]
2 info using npm@3.10.10
3 info using node@v6.11.2
4 verbose run-script [ 'predev', 'dev', 'postdev' ]
5 info lifecycle DouBan@1.0.0~predev: DouBan@1.0.0
6 silly lifecycle DouBan@1.0.0~predev: no script for predev, continuing
7 info lifecycle DouBan@1.0.0~dev: DouBan@1.0.0
8 verbose lifecycle DouBan@1.0.0~dev: unsafe-perm in lifecycle true
9 verbose lifecycle DouBan@1.0.0~dev: PATH: C:\Program Files\nodejs\node_modules\npm\bin\node-gyp-bin;D:\课程\10-react-5天-马文星\day04\4-source\DouBan\node_modules\.bin;C:\Users\echo\bin;C:\Program Files\Git\mingw64\bin;C:\Program Files\Git\usr\local\bin;C:\Program Files\Git\usr\bin;C:\Program Files\Git\usr\bin;C:\Program Files\Git\mingw64\bin;C:\Program Files\Git\usr\bin;C:\Users\echo\bin;C:\Python27;C:\ProgramData\Oracle\Java\javapath;C:\Windows\system32;C:\Windows;C:\Windows\System32\Wbem;C:\Windows\System32\WindowsPowerShell\v1.0;C:\Program Files\Git\cmd;C:\Program Files\MongoDB\Server\3.4\bin;C:\Users\echo\AppData\Roaming\nvm;C:\Program Files\nodejs;C:\Users\echo\AppData\Roaming\nvm;C:\Program Files\Java\jdk1.8.0_121\bin;C:\Program Files\Java\jdk1.8.0_121\jre\bin;C:\Android\tools;C:\Android\platform-tools;C:\Program Files\nodejs;C:\Users\echo\AppData\Local\Microsoft\WindowsApps;D:\Program\Microsoft VS Code\bin;C:\Program Files\MongoDB\Server\3.4\bin;C:\Users\echo\AppData\Roaming\nvm;C:\Program Files\nodejs;C:\Users\echo\AppData\Roaming\npm;C:\Program Files\Git\usr\bin\vendor_perl;C:\Program Files\Git\usr\bin\core_perl
10 verbose lifecycle DouBan@1.0.0~dev: CWD: D:\课程\10-react-5天-马文星\day04\4-source\DouBan
11 silly lifecycle DouBan@1.0.0~dev: Args: [ '/d /s /c',
11 silly lifecycle   'webpack-dev-server --contentBase src --open --hot --port 3030' ]
12 silly lifecycle DouBan@1.0.0~dev: Returned: code: 1  signal: null
13 info lifecycle DouBan@1.0.0~dev: Failed to exec dev script
14 verbose stack Error: DouBan@1.0.0 dev: `webpack-dev-server --contentBase src --open --hot --port 3030`
14 verbose stack Exit status 1
14 verbose stack     at EventEmitter.<anonymous> (C:\Program Files\nodejs\node_modules\npm\lib\utils\lifecycle.js:255:16)
14 verbose stack     at emitTwo (events.js:106:13)
14 verbose stack     at EventEmitter.emit (events.js:191:7)
14 verbose stack     at ChildProcess.<anonymous> (C:\Program Files\nodejs\node_modules\npm\lib\utils\spawn.js:40:14)
14 verbose stack     at emitTwo (events.js:106:13)
14 verbose stack     at ChildProcess.emit (events.js:191:7)
14 verbose stack     at maybeClose (internal/child_process.js:891:16)
14 verbose stack     at Process.ChildProcess._handle.onexit (internal/child_process.js:226:5)
15 verbose pkgid DouBan@1.0.0
16 verbose cwd D:\课程\10-react-5天-马文星\day04\4-source\DouBan
17 error Windows_NT 10.0.15063
18 error argv "C:\\Program Files\\nodejs\\node.exe" "C:\\Program Files\\nodejs\\node_modules\\npm\\bin\\npm-cli.js" "run" "dev"
19 error node v6.11.2
20 error npm  v3.10.10
21 error code ELIFECYCLE
22 error DouBan@1.0.0 dev: `webpack-dev-server --contentBase src --open --hot --port 3030`
22 error Exit status 1
23 error Failed at the DouBan@1.0.0 dev script 'webpack-dev-server --contentBase src --open --hot --port 3030'.
23 error Make sure you have the latest version of node.js and npm installed.
23 error If you do, this is most likely a problem with the DouBan package,
23 error not with npm itself.
23 error Tell the author that this fails on your system:
23 error     webpack-dev-server --contentBase src --open --hot --port 3030
23 error You can get information on how to open an issue for this project with:
23 error     npm bugs DouBan
23 error Or if that isn't available, you can get their info via:
23 error     npm owner ls DouBan
23 error There is likely additional logging output above.
24 verbose exit [ 1, true ]
